[2022-09-22T19:57:37.999Z] Log level: Info
[2022-09-22T19:57:38.009Z] [info] Validating found git in: git
[2022-09-22T19:57:38.066Z] [info] Using git 2.20.1 from git
[2022-09-22T19:57:38.134Z] > git rev-parse --show-toplevel [46ms]
[2022-09-22T19:57:38.134Z] fatal: not a git repository (or any of the parent directories): .git
[2022-09-22T19:57:38.146Z] > git rev-parse --show-toplevel [3ms]
[2022-09-22T19:57:38.146Z] fatal: not a git repository (or any of the parent directories): .git
[2022-09-22T19:57:38.155Z] > git rev-parse --show-toplevel [2ms]
[2022-09-22T19:57:38.155Z] fatal: not a git repository (or any of the parent directories): .git
[2022-09-22T19:57:38.164Z] > git rev-parse --show-toplevel [2ms]
[2022-09-22T19:57:38.164Z] fatal: not a git repository (or any of the parent directories): .git
[2022-09-22T19:57:38.174Z] > git rev-parse --show-toplevel [2ms]
[2022-09-22T19:57:38.174Z] fatal: not a git repository (or any of the parent directories): .git
[2022-09-22T19:57:38.244Z] > git rev-parse --show-toplevel [63ms]
[2022-09-22T19:57:38.244Z] fatal: not a git repository (or any of the parent directories): .git
[2022-09-22T19:57:38.258Z] > git rev-parse --show-toplevel [6ms]
[2022-09-22T19:57:38.258Z] fatal: not a git repository (or any of the parent directories): .git
[2022-09-22T19:57:38.270Z] > git rev-parse --show-toplevel [2ms]
[2022-09-22T19:57:38.270Z] fatal: not a git repository (or any of the parent directories): .git
[2022-09-22T19:57:38.281Z] > git rev-parse --show-toplevel [3ms]
[2022-09-22T19:57:38.281Z] fatal: not a git repository (or any of the parent directories): .git
[2022-09-22T19:57:38.294Z] > git rev-parse --show-toplevel [7ms]
[2022-09-22T19:57:38.294Z] fatal: not a git repository (or any of the parent directories): .git
[2022-09-22T19:57:38.300Z] > git rev-parse --show-toplevel [2ms]
[2022-09-22T19:57:38.300Z] fatal: not a git repository (or any of the parent directories): .git
[2022-09-22T19:57:38.307Z] > git rev-parse --show-toplevel [2ms]
[2022-09-22T19:57:38.307Z] fatal: not a git repository (or any of the parent directories): .git
[2022-09-22T19:57:38.314Z] > git rev-parse --show-toplevel [2ms]
[2022-09-22T19:57:38.314Z] fatal: not a git repository (or any of the parent directories): .git
